生成启动时间为 2020/5/11 17:02:55。
     1>项目“D:\大二网课材料\数据库引论\中期实验\BookSalefinally\BookSale\BookSale\BookSale.vcxproj”在节点 2 上(Build 个目标)。
     1>ResourceCompile:
         C:\Program Files (x86)\Windows Kits\8.0\bin\x86\rc.exe /D _DEBUG /D _AFXDLL /l"0x0804" /IDebug\ /nologo /fo"Debug\BookSale.res" BookSale.rc 
       Link:
         D:\VS2012\VC\bin\link.exe /ERRORREPORT:PROMPT /OUT:"D:\大二网课材料\数据库引论\中期实验\BookSalefinally\BookSale\Debug\BookSale.exe" /INCREMENTAL /NOLOGO /MANIFEST /MANIFESTUAC:"level='asInvoker' uiAccess='false'" /manifest:embed /manifestinput:D:\VS2012\VC\Include\Manifest\dpiaware.manifest /DEBUG /PDB:"D:\大二网课材料\数据库引论\中期实验\BookSalefinally\BookSale\Debug\BookSale.pdb" /SUBSYSTEM:WINDOWS /TLBID:1 /DYNAMICBASE /NXCOMPAT /IMPLIB:"D:\大二网课材料\数据库引论\中期实验\BookSalefinally\BookSale\Debug\BookSale.lib" /MACHINE:X86 Debug\BookSale.res
         Debug\AccouDlg.obj
         Debug\Bookget.obj
         Debug\BookmgDlg.obj
         Debug\BookSale.obj
         Debug\BookSaleDlg.obj
         Debug\BookSell.obj
         Debug\BUYNUM.obj
         Debug\Customer.obj
         Debug\GetinBooks.obj
         Debug\Getprice.obj
         Debug\LoginDlg.obj
         Debug\stdafx.obj
         Debug\UpdateBooks.obj
         Debug\UserDlg.obj
         BookSale.vcxproj -> D:\大二网课材料\数据库引论\中期实验\BookSalefinally\BookSale\Debug\BookSale.exe
     1>已完成生成项目“D:\大二网课材料\数据库引论\中期实验\BookSalefinally\BookSale\BookSale\BookSale.vcxproj”(Build 个目标)的操作。

生成成功。

已用时间 00:00:01.84
