C:\USERS\ADMINISTRATOR\DOCUMENTS\VISUAL STUDIO 2010\PROJECTS\BOOKSALE\BOOKSALE\DEBUG\ACCOUDLG.OBJ
C:\USERS\ADMINISTRATOR\DOCUMENTS\VISUAL STUDIO 2010\PROJECTS\BOOKSALE\BOOKSALE\DEBUG\BOOKGET.OBJ
C:\USERS\ADMINISTRATOR\DOCUMENTS\VISUAL STUDIO 2010\PROJECTS\BOOKSALE\BOOKSALE\DEBUG\BOOKMGDLG.OBJ
C:\USERS\ADMINISTRATOR\DOCUMENTS\VISUAL STUDIO 2010\PROJECTS\BOOKSALE\BOOKSALE\DEBUG\BOOKSALE.EXE.EMBED.MANIFEST
C:\USERS\ADMINISTRATOR\DOCUMENTS\VISUAL STUDIO 2010\PROJECTS\BOOKSALE\BOOKSALE\DEBUG\BOOKSALE.EXE.EMBED.MANIFEST.RES
C:\USERS\ADMINISTRATOR\DOCUMENTS\VISUAL STUDIO 2010\PROJECTS\BOOKSALE\BOOKSALE\DEBUG\BOOKSALE.EXE.INTERMEDIATE.MANIFEST
C:\USERS\ADMINISTRATOR\DOCUMENTS\VISUAL STUDIO 2010\PROJECTS\BOOKSALE\BOOKSALE\DEBUG\BOOKSALE.OBJ
C:\USERS\ADMINISTRATOR\DOCUMENTS\VISUAL STUDIO 2010\PROJECTS\BOOKSALE\BOOKSALE\DEBUG\BOOKSALE.PCH
C:\USERS\ADMINISTRATOR\DOCUMENTS\VISUAL STUDIO 2010\PROJECTS\BOOKSALE\BOOKSALE\DEBUG\BOOKSALE.RES
C:\Users\Administrator\Documents\Visual Studio 2010\Projects\BookSale\BookSale\Debug\BookSale.vcxprojResolveAssemblyReference.cache
C:\Users\Administrator\Documents\Visual Studio 2010\Projects\BookSale\BookSale\Debug\BookSale.write.1.tlog
C:\Users\Administrator\Documents\Visual Studio 2010\Projects\BookSale\BookSale\Debug\BookSale_manifest.rc
C:\USERS\ADMINISTRATOR\DOCUMENTS\VISUAL STUDIO 2010\PROJECTS\BOOKSALE\BOOKSALE\DEBUG\BOOKSALEDLG.OBJ
C:\USERS\ADMINISTRATOR\DOCUMENTS\VISUAL STUDIO 2010\PROJECTS\BOOKSALE\BOOKSALE\DEBUG\BOOKSELL.OBJ
C:\Users\Administrator\Documents\Visual Studio 2010\Projects\BookSale\BookSale\Debug\cl.command.1.tlog
C:\Users\Administrator\Documents\Visual Studio 2010\Projects\BookSale\BookSale\Debug\CL.read.1.tlog
C:\Users\Administrator\Documents\Visual Studio 2010\Projects\BookSale\BookSale\Debug\CL.write.1.tlog
C:\Users\Administrator\Documents\Visual Studio 2010\Projects\BookSale\BookSale\Debug\link.1016.read.1.tlog
C:\Users\Administrator\Documents\Visual Studio 2010\Projects\BookSale\BookSale\Debug\link.1016.write.1.tlog
C:\Users\Administrator\Documents\Visual Studio 2010\Projects\BookSale\BookSale\Debug\link.1016-cvtres.read.1.tlog
C:\Users\Administrator\Documents\Visual Studio 2010\Projects\BookSale\BookSale\Debug\link.1016-cvtres.write.1.tlog
C:\Users\Administrator\Documents\Visual Studio 2010\Projects\BookSale\BookSale\Debug\link.1072.read.1.tlog
C:\Users\Administrator\Documents\Visual Studio 2010\Projects\BookSale\BookSale\Debug\link.1072.write.1.tlog
C:\Users\Administrator\Documents\Visual Studio 2010\Projects\BookSale\BookSale\Debug\link.1072-cvtres.read.1.tlog
C:\Users\Administrator\Documents\Visual Studio 2010\Projects\BookSale\BookSale\Debug\link.1072-cvtres.write.1.tlog
C:\Users\Administrator\Documents\Visual Studio 2010\Projects\BookSale\BookSale\Debug\link.1380.read.1.tlog
C:\Users\Administrator\Documents\Visual Studio 2010\Projects\BookSale\BookSale\Debug\link.1380.write.1.tlog
C:\Users\Administrator\Documents\Visual Studio 2010\Projects\BookSale\BookSale\Debug\link.1380-cvtres.read.1.tlog
C:\Users\Administrator\Documents\Visual Studio 2010\Projects\BookSale\BookSale\Debug\link.1380-cvtres.write.1.tlog
C:\Users\Administrator\Documents\Visual Studio 2010\Projects\BookSale\BookSale\Debug\link.2680.read.1.tlog
C:\Users\Administrator\Documents\Visual Studio 2010\Projects\BookSale\BookSale\Debug\link.2680.write.1.tlog
C:\Users\Administrator\Documents\Visual Studio 2010\Projects\BookSale\BookSale\Debug\link.2680-cvtres.read.1.tlog
C:\Users\Administrator\Documents\Visual Studio 2010\Projects\BookSale\BookSale\Debug\link.2680-cvtres.write.1.tlog
C:\Users\Administrator\Documents\Visual Studio 2010\Projects\BookSale\BookSale\Debug\link.4392.read.1.tlog
C:\Users\Administrator\Documents\Visual Studio 2010\Projects\BookSale\BookSale\Debug\link.4392.write.1.tlog
C:\Users\Administrator\Documents\Visual Studio 2010\Projects\BookSale\BookSale\Debug\link.4392-cvtres.read.1.tlog
C:\Users\Administrator\Documents\Visual Studio 2010\Projects\BookSale\BookSale\Debug\link.4392-cvtres.write.1.tlog
C:\Users\Administrator\Documents\Visual Studio 2010\Projects\BookSale\BookSale\Debug\link.5944.read.1.tlog
C:\Users\Administrator\Documents\Visual Studio 2010\Projects\BookSale\BookSale\Debug\link.5944.write.1.tlog
C:\Users\Administrator\Documents\Visual Studio 2010\Projects\BookSale\BookSale\Debug\link.5944-cvtres.read.1.tlog
C:\Users\Administrator\Documents\Visual Studio 2010\Projects\BookSale\BookSale\Debug\link.5944-cvtres.write.1.tlog
C:\Users\Administrator\Documents\Visual Studio 2010\Projects\BookSale\BookSale\Debug\link.5992.read.1.tlog
C:\Users\Administrator\Documents\Visual Studio 2010\Projects\BookSale\BookSale\Debug\link.5992.write.1.tlog
C:\Users\Administrator\Documents\Visual Studio 2010\Projects\BookSale\BookSale\Debug\link.5992-cvtres.read.1.tlog
C:\Users\Administrator\Documents\Visual Studio 2010\Projects\BookSale\BookSale\Debug\link.5992-cvtres.write.1.tlog
C:\Users\Administrator\Documents\Visual Studio 2010\Projects\BookSale\BookSale\Debug\link.6684.read.1.tlog
C:\Users\Administrator\Documents\Visual Studio 2010\Projects\BookSale\BookSale\Debug\link.6684.write.1.tlog
C:\Users\Administrator\Documents\Visual Studio 2010\Projects\BookSale\BookSale\Debug\link.6684-cvtres.read.1.tlog
C:\Users\Administrator\Documents\Visual Studio 2010\Projects\BookSale\BookSale\Debug\link.6684-cvtres.write.1.tlog
C:\Users\Administrator\Documents\Visual Studio 2010\Projects\BookSale\BookSale\Debug\link.6868.read.1.tlog
C:\Users\Administrator\Documents\Visual Studio 2010\Projects\BookSale\BookSale\Debug\link.6868.write.1.tlog
C:\Users\Administrator\Documents\Visual Studio 2010\Projects\BookSale\BookSale\Debug\link.6868-cvtres.read.1.tlog
C:\Users\Administrator\Documents\Visual Studio 2010\Projects\BookSale\BookSale\Debug\link.6868-cvtres.write.1.tlog
C:\Users\Administrator\Documents\Visual Studio 2010\Projects\BookSale\BookSale\Debug\link.6904.read.1.tlog
C:\Users\Administrator\Documents\Visual Studio 2010\Projects\BookSale\BookSale\Debug\link.6904.write.1.tlog
C:\Users\Administrator\Documents\Visual Studio 2010\Projects\BookSale\BookSale\Debug\link.6904-cvtres.read.1.tlog
C:\Users\Administrator\Documents\Visual Studio 2010\Projects\BookSale\BookSale\Debug\link.6904-cvtres.write.1.tlog
C:\Users\Administrator\Documents\Visual Studio 2010\Projects\BookSale\BookSale\Debug\link.7188.read.1.tlog
C:\Users\Administrator\Documents\Visual Studio 2010\Projects\BookSale\BookSale\Debug\link.7188.write.1.tlog
C:\Users\Administrator\Documents\Visual Studio 2010\Projects\BookSale\BookSale\Debug\link.7188-cvtres.read.1.tlog
C:\Users\Administrator\Documents\Visual Studio 2010\Projects\BookSale\BookSale\Debug\link.7188-cvtres.write.1.tlog
C:\Users\Administrator\Documents\Visual Studio 2010\Projects\BookSale\BookSale\Debug\link.800.read.1.tlog
C:\Users\Administrator\Documents\Visual Studio 2010\Projects\BookSale\BookSale\Debug\link.800.write.1.tlog
C:\Users\Administrator\Documents\Visual Studio 2010\Projects\BookSale\BookSale\Debug\link.800-cvtres.read.1.tlog
C:\Users\Administrator\Documents\Visual Studio 2010\Projects\BookSale\BookSale\Debug\link.800-cvtres.write.1.tlog
C:\Users\Administrator\Documents\Visual Studio 2010\Projects\BookSale\BookSale\Debug\link.command.1.tlog
C:\Users\Administrator\Documents\Visual Studio 2010\Projects\BookSale\BookSale\Debug\link.read.1.tlog
C:\Users\Administrator\Documents\Visual Studio 2010\Projects\BookSale\BookSale\Debug\link.write.1.tlog
C:\Users\Administrator\Documents\Visual Studio 2010\Projects\BookSale\BookSale\Debug\link-cvtres.read.1.tlog
C:\Users\Administrator\Documents\Visual Studio 2010\Projects\BookSale\BookSale\Debug\link-cvtres.write.1.tlog
C:\USERS\ADMINISTRATOR\DOCUMENTS\VISUAL STUDIO 2010\PROJECTS\BOOKSALE\BOOKSALE\DEBUG\LOGINDLG.OBJ
C:\Users\Administrator\Documents\Visual Studio 2010\Projects\BookSale\BookSale\Debug\msado15.tlh
C:\Users\Administrator\Documents\Visual Studio 2010\Projects\BookSale\BookSale\Debug\msado15.tli
C:\Users\Administrator\Documents\Visual Studio 2010\Projects\BookSale\BookSale\Debug\mt.command.1.tlog
C:\Users\Administrator\Documents\Visual Studio 2010\Projects\BookSale\BookSale\Debug\mt.read.1.tlog
C:\Users\Administrator\Documents\Visual Studio 2010\Projects\BookSale\BookSale\Debug\mt.write.1.tlog
C:\Users\Administrator\Documents\Visual Studio 2010\Projects\BookSale\BookSale\Debug\rc.command.1.tlog
C:\Users\Administrator\Documents\Visual Studio 2010\Projects\BookSale\BookSale\Debug\rc.read.1.tlog
C:\Users\Administrator\Documents\Visual Studio 2010\Projects\BookSale\BookSale\Debug\rc.write.1.tlog
C:\USERS\ADMINISTRATOR\DOCUMENTS\VISUAL STUDIO 2010\PROJECTS\BOOKSALE\BOOKSALE\DEBUG\STDAFX.OBJ
C:\USERS\ADMINISTRATOR\DOCUMENTS\VISUAL STUDIO 2010\PROJECTS\BOOKSALE\BOOKSALE\DEBUG\USERDLG.OBJ
C:\Users\Administrator\Documents\Visual Studio 2010\Projects\BookSale\BookSale\Debug\vc100.idb
C:\USERS\ADMINISTRATOR\DOCUMENTS\VISUAL STUDIO 2010\PROJECTS\BOOKSALE\BOOKSALE\DEBUG\VC100.PDB
C:\USERS\ADMINISTRATOR\DOCUMENTS\VISUAL STUDIO 2010\PROJECTS\BOOKSALE\DEBUG\BOOKSALE.EXE
C:\USERS\ADMINISTRATOR\DOCUMENTS\VISUAL STUDIO 2010\PROJECTS\BOOKSALE\DEBUG\BOOKSALE.ILK
C:\USERS\ADMINISTRATOR\DOCUMENTS\VISUAL STUDIO 2010\PROJECTS\BOOKSALE\DEBUG\BOOKSALE.PDB
